<?xml version="1.0" encoding="UTF-8"?>
<testsuite name="net.named_data.NDNFit.syncprotocol.TestGroupData" time="4,357.99" tests="1" errors="0" skipped="0" failures="1">
  <properties>
    <property name="java.runtime.name" value="Java(TM) SE Runtime Environment"/>
    <property name="sun.boot.library.path" value="/usr/local/java/jdk1.7.0_79/jre/lib/i386"/>
    <property name="java.vm.version" value="24.79-b02"/>
    <property name="java.vm.vendor" value="Oracle Corporation"/>
    <property name="java.vendor.url" value="http://java.oracle.com/"/>
    <property name="path.separator" value=":"/>
    <property name="guice.disable.misplaced.annotation.check" value="true"/>
    <property name="java.vm.name" value="Java HotSpot(TM) Client VM"/>
    <property name="file.encoding.pkg" value="sun.io"/>
    <property name="user.country" value="US"/>
    <property name="sun.java.launcher" value="SUN_STANDARD"/>
    <property name="sun.os.patch.level" value="unknown"/>
    <property name="test" value="net.named_data.NDNFit.syncprotocol.TestGroupData"/>
    <property name="java.vm.specification.name" value="Java Virtual Machine Specification"/>
    <property name="user.dir" value="/home/zht/NetBeansProjects/SyncProtocal"/>
    <property name="java.runtime.version" value="1.7.0_79-b15"/>
    <property name="java.awt.graphicsenv" value="sun.awt.X11GraphicsEnvironment"/>
    <property name="java.endorsed.dirs" value="/usr/local/java/jdk1.7.0_79/jre/lib/endorsed"/>
    <property name="os.arch" value="i386"/>
    <property name="java.io.tmpdir" value="/tmp"/>
    <property name="line.separator" value="&#10;"/>
    <property name="java.vm.specification.vendor" value="Oracle Corporation"/>
    <property name="os.name" value="Linux"/>
    <property name="maven.ext.class.path" value="/usr/local/netbeans-8.0.2/java/maven-nblib/netbeans-eventspy.jar:/usr/local/netbeans-8.0.2/java/maven-nblib/netbeans-cos.jar"/>
    <property name="classworlds.conf" value="/usr/local/netbeans-8.0.2/java/maven/bin/m2.conf"/>
    <property name="sun.jnu.encoding" value="UTF-8"/>
    <property name="java.library.path" value="/usr/local/java/jdk1.7.0_79/jre/lib/amd64:/usr/local/java/jdk1.7.0_79/jre/lib/i386::/usr/java/packages/lib/i386:/lib:/usr/lib"/>
    <property name="java.specification.name" value="Java Platform API Specification"/>
    <property name="java.class.version" value="51.0"/>
    <property name="sun.management.compiler" value="HotSpot Client Compiler"/>
    <property name="os.version" value="3.16.0-46-generic"/>
    <property name="user.home" value="/home/zht"/>
    <property name="user.timezone" value="America/Los_Angeles"/>
    <property name="java.awt.printerjob" value="sun.print.PSPrinterJob"/>
    <property name="java.specification.version" value="1.7"/>
    <property name="file.encoding" value="UTF-8"/>
    <property name="java.net.useSystemProxies" value="true"/>
    <property name="user.name" value="zht"/>
    <property name="java.class.path" value="/usr/local/netbeans-8.0.2/java/maven/boot/plexus-classworlds-2.4.jar"/>
    <property name="java.vm.specification.version" value="1.7"/>
    <property name="sun.arch.data.model" value="32"/>
    <property name="java.home" value="/usr/local/java/jdk1.7.0_79/jre"/>
    <property name="sun.java.command" value="org.codehaus.plexus.classworlds.launcher.Launcher -Dtest=net.named_data.NDNFit.syncprotocol.TestGroupData -Dmaven.ext.class.path=/usr/local/netbeans-8.0.2/java/maven-nblib/netbeans-eventspy.jar:/usr/local/netbeans-8.0.2/java/maven-nblib/netbeans-cos.jar -Djava.net.useSystemProxies=true surefire:test"/>
    <property name="java.specification.vendor" value="Oracle Corporation"/>
    <property name="user.language" value="en"/>
    <property name="awt.toolkit" value="sun.awt.X11.XToolkit"/>
    <property name="java.vm.info" value="mixed mode"/>
    <property name="java.version" value="1.7.0_79"/>
    <property name="java.ext.dirs" value="/usr/local/java/jdk1.7.0_79/jre/lib/ext:/usr/java/packages/lib/ext"/>
    <property name="securerandom.source" value="file:/dev/./urandom"/>
    <property name="sun.boot.class.path" value="/usr/local/java/jdk1.7.0_79/jre/lib/resources.jar:/usr/local/java/jdk1.7.0_79/jre/lib/rt.jar:/usr/local/java/jdk1.7.0_79/jre/lib/sunrsasign.jar:/usr/local/java/jdk1.7.0_79/jre/lib/jsse.jar:/usr/local/java/jdk1.7.0_79/jre/lib/jce.jar:/usr/local/java/jdk1.7.0_79/jre/lib/charsets.jar:/usr/local/java/jdk1.7.0_79/jre/lib/jfr.jar:/usr/local/java/jdk1.7.0_79/jre/classes"/>
    <property name="java.vendor" value="Oracle Corporation"/>
    <property name="maven.home" value="/usr/local/netbeans-8.0.2/java/maven"/>
    <property name="file.separator" value="/"/>
    <property name="java.vendor.url.bug" value="http://bugreport.sun.com/bugreport/"/>
    <property name="sun.cpu.endian" value="little"/>
    <property name="sun.io.unicode.encoding" value="UnicodeLittle"/>
    <property name="sun.desktop" value="gnome"/>
    <property name="sun.cpu.isalist" value=""/>
  </properties>
  <testcase name="GroupAndReadData" classname="net.named_data.NDNFit.syncprotocol.TestGroupData" time="4,357.99">
    <failure message="expected:&lt;3431&gt; but was:&lt;3432&gt;" type="java.lang.AssertionError"><![CDATA[java.lang.AssertionError: expected:<3431> but was:<3432>
	at org.junit.Assert.fail(Assert.java:88)
	at org.junit.Assert.failNotEquals(Assert.java:834)
	at org.junit.Assert.assertEquals(Assert.java:645)
	at org.junit.Assert.assertEquals(Assert.java:631)
	at net.named_data.NDNFit.syncprotocol.TestGroupData.GroupAndReadData(TestGroupData.java:69)
]]></failure>
    <system-out><![CDATA[GroupData is called
GroupData is called
GroupData is called
GroupData is called
GroupData is called
GroupData is called
GroupData is called
GroupData is called
GroupData is called
GroupData is called
GroupData is called
GroupData is called
GroupData is called
GroupData is called
GroupData is called
GroupData is called
GroupData is called
GroupData is called
GroupData is called
GroupData is called
GroupData is called
GroupData is called
GroupData is called
GroupData is called
GroupData is called
GroupData is called
GroupData is called
GroupData is called
GroupData is called
GroupData is called
]]></system-out>
  </testcase>
</testsuite>